01-03-2021 10:31:04 ERROR LoginController:37 - Incorrect username or password! Body: {"username":"cloud","password":"1"}
01-03-2021 10:31:42 INFO  LoginController:33 - username: cloud login.
01-03-2021 10:32:21 INFO  LoginController:33 - username: tifa login.
01-03-2021 10:34:39 INFO  LoginController:33 - username: cloud login.
01-03-2021 11:37:51 ERROR LoginController:37 - Incorrect username or password! Body: {"username":"cloud","password":"1234"}
01-03-2021 11:38:00 INFO  LoginController:33 - username: cloud login.
01-03-2021 11:52:17 INFO  LoginController:33 - username: tifa login.
01-03-2021 11:52:36 INFO  LoginController:33 - username: cloud login.
01-03-2021 12:51:17 INFO  LoginController:33 - username: tifa login.
01-03-2021 12:51:44 INFO  LoginController:33 - username: cloud login.
01-03-2021 14:02:42 ERROR LoginController:37 - Incorrect username or password! Body: {"username":"","password":""}
01-03-2021 14:02:50 INFO  LoginController:33 - username: cloud login.
01-03-2021 14:13:29 ERROR LoginController:37 - Incorrect username or password! Body: {"username":"","password":""}
01-03-2021 14:15:53 INFO  LoginController:33 - username: cloud login.
01-03-2021 14:16:28 INFO  LoginController:33 - username: tifa login.
01-03-2021 14:16:45 INFO  LoginController:33 - username: cloud login.
01-03-2021 14:21:23 INFO  LoginController:33 - username: cloud login.
01-03-2021 14:22:00 INFO  LoginController:33 - username: cloud login.
01-03-2021 14:23:47 INFO  LoginController:33 - username: cloud login.
01-03-2021 14:24:57 INFO  LoginController:33 - username: tifa login.
01-03-2021 14:25:20 INFO  LoginController:33 - username: tifa login.
01-03-2021 14:25:35 INFO  LoginController:33 - username: tifa login.
01-03-2021 14:29:49 INFO  LoginController:33 - username: cloud login.
01-03-2021 14:36:25 ERROR LoginController:37 - Incorrect username or password! Body: {"username":"sephiros","password":"1"}
01-03-2021 14:36:35 INFO  LoginController:33 - username: sephiroth login.
01-03-2021 14:44:31 ERROR LoginController:37 - Incorrect username or password! Body: {"username":"","password":""}
01-03-2021 14:57:21 INFO  LoginController:33 - username: cloud login.
04-03-2021 10:41:00 INFO  LoginController:33 - username: cloud login.
04-03-2021 10:41:16 INFO  LoginController:33 - username: cloud login.
04-03-2021 10:42:16 INFO  LoginController:33 - username: cloud login.
04-03-2021 10:44:46 INFO  LoginController:33 - username: cloud login.
04-03-2021 10:47:05 INFO  LoginController:33 - username: cloud login.
04-03-2021 10:49:00 INFO  LoginController:33 - username: cloud login.
04-03-2021 10:50:24 INFO  LoginController:33 - username: cloud login.
04-03-2021 10:50:50 INFO  LoginController:33 - username: tifa login.
04-03-2021 10:55:11 ERROR LoginController:37 - Incorrect username or password! Body: {"username":"c","password":"1"}
04-03-2021 10:55:38 ERROR LoginController:37 - Incorrect username or password! Body: {"username":"","password":"1"}
04-03-2021 10:55:41 ERROR LoginController:37 - Incorrect username or password! Body: {"username":"","password":"1"}
04-03-2021 10:55:44 ERROR LoginController:37 - Incorrect username or password! Body: {"username":"","password":"1"}
04-03-2021 10:55:57 ERROR LoginController:37 - Incorrect username or password! Body: {"username":"","password":""}
04-03-2021 10:55:59 ERROR LoginController:37 - Incorrect username or password! Body: {"username":"","password":""}
04-03-2021 10:56:52 ERROR LoginController:37 - Incorrect username or password! Body: {"username":"","password":"1"}
04-03-2021 10:56:56 ERROR LoginController:37 - Incorrect username or password! Body: {"username":"","password":"11"}
04-03-2021 10:57:06 INFO  LoginController:33 - username: cloud login.
04-03-2021 10:59:14 INFO  LoginController:33 - username: tifa login.
04-03-2021 11:00:03 INFO  LoginController:33 - username: cloud login.
04-03-2021 22:05:06 INFO  LoginController:33 - username: cloud login.
04-03-2021 22:05:15 INFO  LoginController:33 - username: tifa login.
04-03-2021 22:05:38 INFO  LoginController:33 - username: cloud login.
04-03-2021 22:32:24 INFO  LoginController:33 - username: cloud login.
